d:\ptrade\poe_fixer_dev\plugins\statustracker\plugins\tracker\obj\release\vc143.pdb
d:\ptrade\poe_fixer_dev\plugins\statustracker\plugins\tracker\obj\release\imgui_widgets.obj
d:\ptrade\poe_fixer_dev\plugins\statustracker\plugins\tracker\obj\release\imgui_tables.obj
d:\ptrade\poe_fixer_dev\plugins\statustracker\plugins\tracker\obj\release\imgui_draw.obj
d:\ptrade\poe_fixer_dev\plugins\statustracker\plugins\tracker\obj\release\imgui.obj
d:\ptrade\poe_fixer_dev\plugins\statustracker\plugins\tracker\obj\release\trackersettings.obj
d:\ptrade\poe_fixer_dev\plugins\statustracker\plugins\tracker\obj\release\textureloader.obj
d:\ptrade\poe_fixer_dev\plugins\statustracker\plugins\tracker\obj\release\monsterlinelogic.obj
d:\ptrade\poe_fixer_dev\plugins\statustracker\plugins\tracker\obj\release\groundeffectlogic.obj
d:\ptrade\poe_fixer_dev\plugins\statustracker\plugins\tracker\obj\release\statuseffectlogic.obj
d:\ptrade\poe_fixer_dev\plugins\statustracker\plugins\tracker\obj\release\tracker.obj
d:\ptrade\poe_fixer_dev\plugins\statustracker\plugins\tracker\bin\release\tracker.dll
d:\ptrade\poe_fixer_dev\plugins\statustracker\plugins\tracker\bin\release\tracker.pdb
d:\ptrade\poe_fixer_dev\plugins\statustracker\plugins\tracker\bin\release\tracker.lib
d:\ptrade\poe_fixer_dev\plugins\statustracker\plugins\tracker\bin\release\tracker.exp
d:\ptrade\poe_fixer_dev\plugins\statustracker\plugins\tracker\obj\release\tracker.ipdb
d:\ptrade\poe_fixer_dev\plugins\statustracker\plugins\tracker\obj\release\tracker.iobj
d:\ptrade\poe_fixer_dev\plugins\statustracker\plugins\tracker\obj\release\tracker.vcxproj.filelistabsolute.txt
d:\ptrade\poe_fixer_dev\plugins\statustracker\plugins\tracker\obj\release\tracker.tlog\cl.command.1.tlog
d:\ptrade\poe_fixer_dev\plugins\statustracker\plugins\tracker\obj\release\tracker.tlog\cl.items.tlog
d:\ptrade\poe_fixer_dev\plugins\statustracker\plugins\tracker\obj\release\tracker.tlog\cl.read.1.tlog
d:\ptrade\poe_fixer_dev\plugins\statustracker\plugins\tracker\obj\release\tracker.tlog\cl.write.1.tlog
d:\ptrade\poe_fixer_dev\plugins\statustracker\plugins\tracker\obj\release\tracker.tlog\link.command.1.tlog
d:\ptrade\poe_fixer_dev\plugins\statustracker\plugins\tracker\obj\release\tracker.tlog\link.read.1.tlog
d:\ptrade\poe_fixer_dev\plugins\statustracker\plugins\tracker\obj\release\tracker.tlog\link.secondary.1.tlog
d:\ptrade\poe_fixer_dev\plugins\statustracker\plugins\tracker\obj\release\tracker.tlog\link.write.1.tlog
